<?xml version="1.0" encoding="UTF-8"?>
<testsuite name="SimpleCipherStepTwoTest" tests="9" skipped="0" failures="0" errors="0" timestamp="2017-03-29T13:45:31" hostname="siva-2239" time="0.007">
  <properties/>
  <testcase name="cipherThrowsWithEmptyKey" classname="SimpleCipherStepTwoTest" time="0.0"/>
  <testcase name="cipherCanDecodeMessageThatIsShorterThanTheKey" classname="SimpleCipherStepTwoTest" time="0.003"/>
  <testcase name="cipherCanDoubleShiftEncode" classname="SimpleCipherStepTwoTest" time="0.001"/>
  <testcase name="cipherCanEncodeMessageThatIsShorterThanTheKey" classname="SimpleCipherStepTwoTest" time="0.0"/>
  <testcase name="cipherCanEncodeWithGivenKey" classname="SimpleCipherStepTwoTest" time="0.0"/>
  <testcase name="cipherKeepsTheSubmittedKey" classname="SimpleCipherStepTwoTest" time="0.001"/>
  <testcase name="cipherCanDecodeWithGivenKey" classname="SimpleCipherStepTwoTest" time="0.0"/>
  <testcase name="cipherIsReversibleGivenKey" classname="SimpleCipherStepTwoTest" time="0.0"/>
  <testcase name="cipherCanWrapEncode" classname="SimpleCipherStepTwoTest" time="0.001"/>
  <system-out><![CDATA[]]></system-out>
  <system-err><![CDATA[]]></system-err>
</testsuite>
