<?xml version="1.0" encoding="UTF-8"?>
<testsuite name="LuhnValidatorTest" tests="13" skipped="0" failures="0" errors="0" timestamp="2017-02-25T12:37:44" hostname="siva-2239" time="0.058">
  <properties/>
  <testcase name="testThatDoublingNineIsHandledCorrectly" classname="LuhnValidatorTest" time="0.054"/>
  <testcase name="testThatASimpleValidNumberIsIdentifiedAsValid" classname="LuhnValidatorTest" time="0.0"/>
  <testcase name="testThatAddingANonDigitCharacterToAValidStringInvalidatesTheString" classname="LuhnValidatorTest" time="0.0"/>
  <testcase name="testThatTheStringConsistingOfASingleZeroIsInvalid" classname="LuhnValidatorTest" time="0.0"/>
  <testcase name="testThatSingleDigitStringIsNotValid" classname="LuhnValidatorTest" time="0.0"/>
  <testcase name="testThatAnInvalidCreditCardIsIdentifiedAsInvalid" classname="LuhnValidatorTest" time="0.0"/>
  <testcase name="testThatTheStringConsistingOfASpaceAndASingleZeroIsInvalid" classname="LuhnValidatorTest" time="0.0"/>
  <testcase name="testThatStringContainingSymbolsIsInvalid" classname="LuhnValidatorTest" time="0.0"/>
  <testcase name="testThatAnInvalidCanadianSocialInsuranceNumberIsIdentifiedAsInvalid" classname="LuhnValidatorTest" time="0.0"/>
  <testcase name="testThatStringContainingMultipleZerosIsValid" classname="LuhnValidatorTest" time="0.0"/>
  <testcase name="testThatStringContainingPunctuationIsInvalid" classname="LuhnValidatorTest" time="0.0"/>
  <testcase name="testThatAValidCanadianSocialInsuranceNumberIsIdentifiedAsValidV1" classname="LuhnValidatorTest" time="0.0"/>
  <testcase name="testThatAValidCanadianSocialInsuranceNumberIsIdentifiedAsValidV2" classname="LuhnValidatorTest" time="0.0"/>
  <system-out><![CDATA[]]></system-out>
  <system-err><![CDATA[]]></system-err>
</testsuite>
