<?xml version="1.0" encoding="UTF-8"?>
<testsuite name="AtbashTest$EncodeTest" tests="14" skipped="0" failures="0" errors="0" timestamp="2017-03-04T21:31:44" hostname="siva-2239" time="0.011">
  <properties/>
  <testcase name="test[0: expected plaintext &quot;no&quot; to encode to ciphertext &quot;ml&quot;.]" classname="AtbashTest$EncodeTest" time="0.0"/>
  <testcase name="test[1: expected plaintext &quot;yes&quot; to encode to ciphertext &quot;bvh&quot;.]" classname="AtbashTest$EncodeTest" time="0.0"/>
  <testcase name="test[2: expected plaintext &quot;OMG&quot; to encode to ciphertext &quot;lnt&quot;.]" classname="AtbashTest$EncodeTest" time="0.0"/>
  <testcase name="test[3: expected plaintext &quot;mindblowingly&quot; to encode to ciphertext &quot;nrmwy oldrm tob&quot;.]" classname="AtbashTest$EncodeTest" time="0.0"/>
  <testcase name="test[4: expected plaintext &quot;Testing, 1 2 3, testing.&quot; to encode to ciphertext &quot;gvhgr mt123 gvhgr mt&quot;.]" classname="AtbashTest$EncodeTest" time="0.0"/>
  <testcase name="test[5: expected plaintext &quot;Truth is fiction.&quot; to encode to ciphertext &quot;gifgs rhurx grlm&quot;.]" classname="AtbashTest$EncodeTest" time="0.0"/>
  <testcase name="test[6: expected plaintext &quot;The quick brown fox jumps over the lazy dog.&quot; to encode to ciphertext &quot;gsvjf rxpyi ldmul cqfnk hlevi gsvoz abwlt&quot;.]" classname="AtbashTest$EncodeTest" time="0.0"/>
  <testcase name="test[0: expected plaintext &quot;no&quot; to encode to ciphertext &quot;ml&quot;.]" classname="AtbashTest$EncodeTest" time="0.0"/>
  <testcase name="test[1: expected plaintext &quot;yes&quot; to encode to ciphertext &quot;bvh&quot;.]" classname="AtbashTest$EncodeTest" time="0.0"/>
  <testcase name="test[2: expected plaintext &quot;OMG&quot; to encode to ciphertext &quot;lnt&quot;.]" classname="AtbashTest$EncodeTest" time="0.001"/>
  <testcase name="test[3: expected plaintext &quot;mindblowingly&quot; to encode to ciphertext &quot;nrmwy oldrm tob&quot;.]" classname="AtbashTest$EncodeTest" time="0.001"/>
  <testcase name="test[4: expected plaintext &quot;Testing, 1 2 3, testing.&quot; to encode to ciphertext &quot;gvhgr mt123 gvhgr mt&quot;.]" classname="AtbashTest$EncodeTest" time="0.0"/>
  <testcase name="test[5: expected plaintext &quot;Truth is fiction.&quot; to encode to ciphertext &quot;gifgs rhurx grlm&quot;.]" classname="AtbashTest$EncodeTest" time="0.0"/>
  <testcase name="test[6: expected plaintext &quot;The quick brown fox jumps over the lazy dog.&quot; to encode to ciphertext &quot;gsvjf rxpyi ldmul cqfnk hlevi gsvoz abwlt&quot;.]" classname="AtbashTest$EncodeTest" time="0.0"/>
  <system-out><![CDATA[]]></system-out>
  <system-err><![CDATA[]]></system-err>
</testsuite>
