<?xml version="1.0" encoding="UTF-8"?>
<testsuite name="BeerSongTest" tests="7" skipped="0" failures="0" errors="0" timestamp="2017-03-05T10:34:24" hostname="siva-2239" time="0.05">
  <properties/>
  <testcase name="singLastFourVerses" classname="BeerSongTest" time="0.046"/>
  <testcase name="singEntireSong" classname="BeerSongTest" time="0.001"/>
  <testcase name="singFirstVerse" classname="BeerSongTest" time="0.0"/>
  <testcase name="singMiddleVerse" classname="BeerSongTest" time="0.0"/>
  <testcase name="singPenultimateVerse" classname="BeerSongTest" time="0.0"/>
  <testcase name="singThirdToLastVerse" classname="BeerSongTest" time="0.0"/>
  <testcase name="singLastVerse" classname="BeerSongTest" time="0.0"/>
  <system-out><![CDATA[]]></system-out>
  <system-err><![CDATA[]]></system-err>
</testsuite>
