<?xml version="1.0" encoding="UTF-8"?>
<testsuite name="test.IsogramTest" tests="10" skipped="0" failures="0" errors="0" timestamp="2017-03-28T20:05:41" hostname="siva-2239" time="0.058">
  <properties/>
  <testcase name="testWorksWithGermanLetters" classname="test.IsogramTest" time="0.054"/>
  <testcase name="testIgnoresSpaces" classname="test.IsogramTest" time="0.001"/>
  <testcase name="testDuplicateAccentedLetters" classname="test.IsogramTest" time="0.0"/>
  <testcase name="testCaseInsensitive" classname="test.IsogramTest" time="0.0"/>
  <testcase name="testNotIsogram" classname="test.IsogramTest" time="0.0"/>
  <testcase name="testIgnoresSpaces2" classname="test.IsogramTest" time="0.0"/>
  <testcase name="testIsogramWithHyphen" classname="test.IsogramTest" time="0.001"/>
  <testcase name="testIgnoresMultipleHyphens" classname="test.IsogramTest" time="0.001"/>
  <testcase name="testMediumLongIsogram" classname="test.IsogramTest" time="0.0"/>
  <testcase name="testIsogram" classname="test.IsogramTest" time="0.0"/>
  <system-out><![CDATA[]]></system-out>
  <system-err><![CDATA[]]></system-err>
</testsuite>
