<?xml version="1.0" encoding="UTF-8"?>
<testsuite name="BaseConverterTest" tests="20" skipped="0" failures="0" errors="0" timestamp="2017-03-06T20:09:39" hostname="siva-2239" time="0.072">
  <properties/>
  <testcase name="testSingleDecimalToBinary" classname="BaseConverterTest" time="0.059"/>
  <testcase name="testDecimalToBinary" classname="BaseConverterTest" time="0.0"/>
  <testcase name="testFirstBaseIsOne" classname="BaseConverterTest" time="0.004"/>
  <testcase name="testBinaryToSingleDecimal" classname="BaseConverterTest" time="0.0"/>
  <testcase name="testFirstBaseIsZero" classname="BaseConverterTest" time="0.0"/>
  <testcase name="testLeadingZeros" classname="BaseConverterTest" time="0.001"/>
  <testcase name="testTrinaryToHexadecimal" classname="BaseConverterTest" time="0.0"/>
  <testcase name="testHexadecimalToTrinary" classname="BaseConverterTest" time="0.0"/>
  <testcase name="testSecondBaseIsZero" classname="BaseConverterTest" time="0.0"/>
  <testcase name="testEmptyDigits" classname="BaseConverterTest" time="0.0"/>
  <testcase name="testSingleZero" classname="BaseConverterTest" time="0.001"/>
  <testcase name="testBinaryToMultipleDecimal" classname="BaseConverterTest" time="0.0"/>
  <testcase name="testSecondBaseIsNegative" classname="BaseConverterTest" time="0.0"/>
  <testcase name="test15BitInteger" classname="BaseConverterTest" time="0.001"/>
  <testcase name="testSingleBitOneToDecimal" classname="BaseConverterTest" time="0.0"/>
  <testcase name="testInvalidPositiveDigit" classname="BaseConverterTest" time="0.001"/>
  <testcase name="testMultipleZeros" classname="BaseConverterTest" time="0.0"/>
  <testcase name="testNegativeDigit" classname="BaseConverterTest" time="0.0"/>
  <testcase name="testFirstBaseIsNegative" classname="BaseConverterTest" time="0.0"/>
  <testcase name="testSecondBaseIsOne" classname="BaseConverterTest" time="0.0"/>
  <system-out><![CDATA[]]></system-out>
  <system-err><![CDATA[]]></system-err>
</testsuite>
