<?xml version="1.0" encoding="UTF-8"?>
<testsuite name="PascalsTriangleTest" tests="6" skipped="0" failures="0" errors="0" timestamp="2017-03-04T12:15:51" hostname="siva-2239" time="0.066">
  <properties/>
  <testcase name="testTriangleWithFourRows" classname="PascalsTriangleTest" time="0.055"/>
  <testcase name="testValidInput" classname="PascalsTriangleTest" time="0.004"/>
  <testcase name="testTriangleWithSixRows" classname="PascalsTriangleTest" time="0.001"/>
  <testcase name="testExpectEmptyTriangle" classname="PascalsTriangleTest" time="0.0"/>
  <testcase name="testValidatesNotNegativeRows" classname="PascalsTriangleTest" time="0.004"/>
  <testcase name="testInvalidInput" classname="PascalsTriangleTest" time="0.0"/>
  <system-out><![CDATA[]]></system-out>
  <system-err><![CDATA[]]></system-err>
</testsuite>
