<?xml version="1.0" encoding="UTF-8"?>
<testsuite name="PrimeTest" tests="5" skipped="0" failures="0" errors="0" timestamp="2017-02-27T13:27:00" hostname="siva-2239" time="0.462">
  <properties/>
  <testcase name="testUndefinedPrime" classname="PrimeTest" time="0.005"/>
  <testcase name="testSixthPrime" classname="PrimeTest" time="0.053"/>
  <testcase name="testFirstPrime" classname="PrimeTest" time="0.0"/>
  <testcase name="testSecondPrime" classname="PrimeTest" time="0.0"/>
  <testcase name="testBigPrime" classname="PrimeTest" time="0.403"/>
  <system-out><![CDATA[]]></system-out>
  <system-err><![CDATA[]]></system-err>
</testsuite>
