<?xml version="1.0" encoding="UTF-8"?>
<testsuite name="TriangleTest" tests="15" skipped="0" failures="0" errors="0" timestamp="2017-02-26T08:31:26" hostname="siva-2239" time="0.009">
  <properties/>
  <testcase name="isoscelesTrianglesHaveLastTwoSidesEqual" classname="TriangleTest" time="0.001"/>
  <testcase name="equilateralTriangleHaveEqualSides" classname="TriangleTest" time="0.0"/>
  <testcase name="trianglesViolatingTriangleInequalityAreIllegal" classname="TriangleTest" time="0.004"/>
  <testcase name="scaleneTrianglesHaveNoEqualSides" classname="TriangleTest" time="0.0"/>
  <testcase name="isoscelesTrianglesHaveFirstAndLastSidesEqual" classname="TriangleTest" time="0.0"/>
  <testcase name="trianglesWithNegativeSidesAreIllegal" classname="TriangleTest" time="0.001"/>
  <testcase name="isoscelesTrianglesHaveInFactExactlyTwoSidesEqual" classname="TriangleTest" time="0.0"/>
  <testcase name="verySmallTrianglesAreLegal" classname="TriangleTest" time="0.0"/>
  <testcase name="scaleneTrianglesHaveNoEqualSidesAtLargerScaleEither" classname="TriangleTest" time="0.0"/>
  <testcase name="trianglesWithNoSizeAreIllegal" classname="TriangleTest" time="0.001"/>
  <testcase name="isoscelesTrianglesHaveTwoFirstSidesEqual" classname="TriangleTest" time="0.0"/>
  <testcase name="trianglesViolatingTriangleInequalityAreIllegal2" classname="TriangleTest" time="0.0"/>
  <testcase name="trianglesViolatingTriangleInequalityAreIllegal3" classname="TriangleTest" time="0.0"/>
  <testcase name="scaleneTrianglesHaveNoEqualSidesInDescendingOrderEither" classname="TriangleTest" time="0.0"/>
  <testcase name="largerEquilateralTrianglesAlsoHaveEqualSides" classname="TriangleTest" time="0.0"/>
  <system-out><![CDATA[]]></system-out>
  <system-err><![CDATA[]]></system-err>
</testsuite>
