<?xml version="1.0" encoding="UTF-8"?>
<testsuite name="RectangleCounterTest" tests="12" skipped="0" failures="0" errors="0" timestamp="2017-03-11T08:04:34" hostname="siva-2239" time="0.074">
  <properties/>
  <testcase name="testThatIncompleteRectanglesAreNotCounted" classname="RectangleCounterTest" time="0.06"/>
  <testcase name="testNonTrivialInputWithNoRectangles" classname="RectangleCounterTest" time="0.0"/>
  <testcase name="testThatRectanglesOfDifferentSizesAreAllCounted" classname="RectangleCounterTest" time="0.001"/>
  <testcase name="testInputWithNoColumnsContainsNoRectangles" classname="RectangleCounterTest" time="0.001"/>
  <testcase name="testThatRectangleOfWidthOneIsCounted" classname="RectangleCounterTest" time="0.001"/>
  <testcase name="testInputWithFiveRectanglesWithSharedEdges" classname="RectangleCounterTest" time="0.003"/>
  <testcase name="testThatRectangleOfHeightOneIsCounted" classname="RectangleCounterTest" time="0.0"/>
  <testcase name="testThatOneByOneSquareIsCounted" classname="RectangleCounterTest" time="0.0"/>
  <testcase name="testInputWithTwoRectanglesWithoutSharedEdges" classname="RectangleCounterTest" time="0.001"/>
  <testcase name="testLargeInputWithManyRectangles" classname="RectangleCounterTest" time="0.005"/>
  <testcase name="testInputWithOneRectangle" classname="RectangleCounterTest" time="0.001"/>
  <testcase name="testThatIntersectionsWithoutCornerCharacterDoNotCountAsRectangleCorners" classname="RectangleCounterTest" time="0.0"/>
  <system-out><![CDATA[]]></system-out>
  <system-err><![CDATA[]]></system-err>
</testsuite>
