<?xml version="1.0" encoding="UTF-8"?>
<testsuite name="BinarySearchTest" tests="10" skipped="0" failures="0" errors="0" timestamp="2017-03-06T09:45:41" hostname="siva-2239" time="0.004">
  <properties/>
  <testcase name="findsAValueInAnArrayWithOneElement" classname="BinarySearchTest" time="0.001"/>
  <testcase name="findsAValueInAnArrayOfOddLength" classname="BinarySearchTest" time="0.0"/>
  <testcase name="findsAValueAtTheEndOfAnArray" classname="BinarySearchTest" time="0.001"/>
  <testcase name="aValueLargerThanTheArraysSmallestValueIsNotIncluded" classname="BinarySearchTest" time="0.0"/>
  <testcase name="identifiesThatAValueIsNotIncludedInTheArray" classname="BinarySearchTest" time="0.0"/>
  <testcase name="nothingIsIncludedInAnEmptyArray" classname="BinarySearchTest" time="0.0"/>
  <testcase name="findsAValueInAnArrayOfEvenLength" classname="BinarySearchTest" time="0.0"/>
  <testcase name="aValueSmallerThanTheArraysSmallestValueIsNotIncluded" classname="BinarySearchTest" time="0.0"/>
  <testcase name="findsAValueAtTheBeginningOfAnArray" classname="BinarySearchTest" time="0.001"/>
  <testcase name="findsAValueInTheMiddleOfAnArray" classname="BinarySearchTest" time="0.0"/>
  <system-out><![CDATA[]]></system-out>
  <system-err><![CDATA[]]></system-err>
</testsuite>
