<?xml version="1.0" encoding="UTF-8"?>
<testsuite name="SieveTest" tests="3" skipped="0" failures="0" errors="0" timestamp="2017-02-27T06:01:17" hostname="siva-2239" time="0.08">
  <properties/>
  <testcase name="findFirstPrime" classname="SieveTest" time="0.065"/>
  <testcase name="findPrimesUpTo1000" classname="SieveTest" time="0.015"/>
  <testcase name="findPrimesUpTo10" classname="SieveTest" time="0.0"/>
  <system-out><![CDATA[]]></system-out>
  <system-err><![CDATA[]]></system-err>
</testsuite>
